{"total": {"lines":{"total":875,"covered":823,"skipped":0,"pct":94.05},"statements":{"total":936,"covered":871,"skipped":0,"pct":93.05},"functions":{"total":289,"covered":258,"skipped":0,"pct":89.27},"branches":{"total":387,"covered":316,"skipped":0,"pct":81.65},"branchesTrue":{"total":0,"covered":0,"skipped":0,"pct":100}}
,"/home/runner/work/synapse-admin/synapse-admin/src/App.tsx": {"lines":{"total":8,"covered":8,"skipped":0,"pct":100},"functions":{"total":2,"covered":2,"skipped":0,"pct":100},"statements":{"total":8,"covered":8,"skipped":0,"pct":100},"branches":{"total":4,"covered":2,"skipped":0,"pct":50}}
,"/home/runner/work/synapse-admin/synapse-admin/src/AppContext.tsx": {"lines":{"total":2,"covered":2,"skipped":0,"pct":100},"functions":{"total":1,"covered":1,"skipped":0,"pct":100},"statements":{"total":2,"covered":2,"skipped":0,"pct":100},"branches":{"total":0,"covered":0,"skipped":0,"pct":100}}
,"/home/runner/work/synapse-admin/synapse-admin/src/bootstrap.tsx": {"lines":{"total":25,"covered":25,"skipped":0,"pct":100},"functions":{"total":4,"covered":4,"skipped":0,"pct":100},"statements":{"total":25,"covered":25,"skipped":0,"pct":100},"branches":{"total":14,"covered":11,"skipped":0,"pct":78.57}}
,"/home/runner/work/synapse-admin/synapse-admin/src/index.tsx": {"lines":{"total":4,"covered":4,"skipped":0,"pct":100},"functions":{"total":0,"covered":0,"skipped":0,"pct":100},"statements":{"total":4,"covered":4,"skipped":0,"pct":100},"branches":{"total":2,"covered":2,"skipped":0,"pct":100}}
,"/home/runner/work/synapse-admin/synapse-admin/src/storage.ts": {"lines":{"total":1,"covered":1,"skipped":0,"pct":100},"functions":{"total":0,"covered":0,"skipped":0,"pct":100},"statements":{"total":1,"covered":1,"skipped":0,"pct":100},"branches":{"total":0,"covered":0,"skipped":0,"pct":100}}
,"/home/runner/work/synapse-admin/synapse-admin/src/components/AvatarField.tsx": {"lines":{"total":5,"covered":5,"skipped":0,"pct":100},"functions":{"total":1,"covered":1,"skipped":0,"pct":100},"statements":{"total":5,"covered":5,"skipped":0,"pct":100},"branches":{"total":0,"covered":0,"skipped":0,"pct":100}}
,"/home/runner/work/synapse-admin/synapse-admin/src/components/ImportFeature.tsx": {"lines":{"total":165,"covered":148,"skipped":0,"pct":89.69},"functions":{"total":21,"covered":19,"skipped":0,"pct":90.47},"statements":{"total":180,"covered":160,"skipped":0,"pct":88.88},"branches":{"total":127,"covered":102,"skipped":0,"pct":80.31}}
,"/home/runner/work/synapse-admin/synapse-admin/src/components/ServerNotices.tsx": {"lines":{"total":35,"covered":34,"skipped":0,"pct":97.14},"functions":{"total":14,"covered":13,"skipped":0,"pct":92.85},"statements":{"total":39,"covered":38,"skipped":0,"pct":97.43},"branches":{"total":2,"covered":2,"skipped":0,"pct":100}}
,"/home/runner/work/synapse-admin/synapse-admin/src/components/date.ts": {"lines":{"total":16,"covered":16,"skipped":0,"pct":100},"functions":{"total":2,"covered":2,"skipped":0,"pct":100},"statements":{"total":17,"covered":17,"skipped":0,"pct":100},"branches":{"total":11,"covered":11,"skipped":0,"pct":100}}
,"/home/runner/work/synapse-admin/synapse-admin/src/components/devices.tsx": {"lines":{"total":4,"covered":4,"skipped":0,"pct":100},"functions":{"total":1,"covered":1,"skipped":0,"pct":100},"statements":{"total":5,"covered":5,"skipped":0,"pct":100},"branches":{"total":4,"covered":4,"skipped":0,"pct":100}}
,"/home/runner/work/synapse-admin/synapse-admin/src/components/media.tsx": {"lines":{"total":75,"covered":69,"skipped":0,"pct":92},"functions":{"total":25,"covered":20,"skipped":0,"pct":80},"statements":{"total":83,"covered":73,"skipped":0,"pct":87.95},"branches":{"total":26,"covered":22,"skipped":0,"pct":84.61}}
,"/home/runner/work/synapse-admin/synapse-admin/src/i18n/baseChineseMessages.ts": {"lines":{"total":1,"covered":1,"skipped":0,"pct":100},"functions":{"total":0,"covered":0,"skipped":0,"pct":100},"statements":{"total":1,"covered":1,"skipped":0,"pct":100},"branches":{"total":0,"covered":0,"skipped":0,"pct":100}}
,"/home/runner/work/synapse-admin/synapse-admin/src/i18n/baseGermanMessages.ts": {"lines":{"total":1,"covered":1,"skipped":0,"pct":100},"functions":{"total":0,"covered":0,"skipped":0,"pct":100},"statements":{"total":1,"covered":1,"skipped":0,"pct":100},"branches":{"total":0,"covered":0,"skipped":0,"pct":100}}
,"/home/runner/work/synapse-admin/synapse-admin/src/i18n/de.ts": {"lines":{"total":1,"covered":1,"skipped":0,"pct":100},"functions":{"total":0,"covered":0,"skipped":0,"pct":100},"statements":{"total":1,"covered":1,"skipped":0,"pct":100},"branches":{"total":0,"covered":0,"skipped":0,"pct":100}}
,"/home/runner/work/synapse-admin/synapse-admin/src/i18n/en.ts": {"lines":{"total":1,"covered":1,"skipped":0,"pct":100},"functions":{"total":0,"covered":0,"skipped":0,"pct":100},"statements":{"total":1,"covered":1,"skipped":0,"pct":100},"branches":{"total":0,"covered":0,"skipped":0,"pct":100}}
,"/home/runner/work/synapse-admin/synapse-admin/src/i18n/fa.ts": {"lines":{"total":1,"covered":1,"skipped":0,"pct":100},"functions":{"total":0,"covered":0,"skipped":0,"pct":100},"statements":{"total":1,"covered":1,"skipped":0,"pct":100},"branches":{"total":0,"covered":0,"skipped":0,"pct":100}}
,"/home/runner/work/synapse-admin/synapse-admin/src/i18n/fr.ts": {"lines":{"total":1,"covered":1,"skipped":0,"pct":100},"functions":{"total":0,"covered":0,"skipped":0,"pct":100},"statements":{"total":1,"covered":1,"skipped":0,"pct":100},"branches":{"total":0,"covered":0,"skipped":0,"pct":100}}
,"/home/runner/work/synapse-admin/synapse-admin/src/i18n/index.d.ts": {"lines":{"total":0,"covered":0,"skipped":0,"pct":0},"functions":{"total":0,"covered":0,"skipped":0,"pct":0},"statements":{"total":0,"covered":0,"skipped":0,"pct":0},"branches":{"total":0,"covered":0,"skipped":0,"pct":0}}
,"/home/runner/work/synapse-admin/synapse-admin/src/i18n/it.ts": {"lines":{"total":1,"covered":1,"skipped":0,"pct":100},"functions":{"total":0,"covered":0,"skipped":0,"pct":100},"statements":{"total":1,"covered":1,"skipped":0,"pct":100},"branches":{"total":0,"covered":0,"skipped":0,"pct":100}}
,"/home/runner/work/synapse-admin/synapse-admin/src/i18n/ru.ts": {"lines":{"total":1,"covered":1,"skipped":0,"pct":100},"functions":{"total":0,"covered":0,"skipped":0,"pct":100},"statements":{"total":1,"covered":1,"skipped":0,"pct":100},"branches":{"total":0,"covered":0,"skipped":0,"pct":100}}
,"/home/runner/work/synapse-admin/synapse-admin/src/i18n/zh.ts": {"lines":{"total":1,"covered":1,"skipped":0,"pct":100},"functions":{"total":0,"covered":0,"skipped":0,"pct":100},"statements":{"total":1,"covered":1,"skipped":0,"pct":100},"branches":{"total":0,"covered":0,"skipped":0,"pct":100}}
,"/home/runner/work/synapse-admin/synapse-admin/src/pages/LoginPage.tsx": {"lines":{"total":75,"covered":68,"skipped":0,"pct":90.66},"functions":{"total":24,"covered":22,"skipped":0,"pct":91.66},"statements":{"total":80,"covered":72,"skipped":0,"pct":90},"branches":{"total":55,"covered":35,"skipped":0,"pct":63.63}}
,"/home/runner/work/synapse-admin/synapse-admin/src/resources/destinations.tsx": {"lines":{"total":37,"covered":37,"skipped":0,"pct":100},"functions":{"total":13,"covered":12,"skipped":0,"pct":92.3},"statements":{"total":40,"covered":39,"skipped":0,"pct":97.5},"branches":{"total":14,"covered":11,"skipped":0,"pct":78.57}}
,"/home/runner/work/synapse-admin/synapse-admin/src/resources/registration_tokens.tsx": {"lines":{"total":12,"covered":12,"skipped":0,"pct":100},"functions":{"total":4,"covered":4,"skipped":0,"pct":100},"statements":{"total":12,"covered":12,"skipped":0,"pct":100},"branches":{"total":0,"covered":0,"skipped":0,"pct":100}}
,"/home/runner/work/synapse-admin/synapse-admin/src/resources/reports.tsx": {"lines":{"total":12,"covered":12,"skipped":0,"pct":100},"functions":{"total":6,"covered":5,"skipped":0,"pct":83.33},"statements":{"total":14,"covered":13,"skipped":0,"pct":92.85},"branches":{"total":2,"covered":2,"skipped":0,"pct":100}}
,"/home/runner/work/synapse-admin/synapse-admin/src/resources/room_directory.tsx": {"lines":{"total":41,"covered":40,"skipped":0,"pct":97.56},"functions":{"total":16,"covered":14,"skipped":0,"pct":87.5},"statements":{"total":42,"covered":40,"skipped":0,"pct":95.23},"branches":{"total":4,"covered":4,"skipped":0,"pct":100}}
,"/home/runner/work/synapse-admin/synapse-admin/src/resources/rooms.tsx": {"lines":{"total":26,"covered":26,"skipped":0,"pct":100},"functions":{"total":10,"covered":9,"skipped":0,"pct":90},"statements":{"total":27,"covered":26,"skipped":0,"pct":96.29},"branches":{"total":12,"covered":10,"skipped":0,"pct":83.33}}
,"/home/runner/work/synapse-admin/synapse-admin/src/resources/user_media_statistics.tsx": {"lines":{"total":11,"covered":11,"skipped":0,"pct":100},"functions":{"total":5,"covered":5,"skipped":0,"pct":100},"statements":{"total":12,"covered":12,"skipped":0,"pct":100},"branches":{"total":4,"covered":4,"skipped":0,"pct":100}}
,"/home/runner/work/synapse-admin/synapse-admin/src/resources/users.tsx": {"lines":{"total":30,"covered":30,"skipped":0,"pct":100},"functions":{"total":10,"covered":10,"skipped":0,"pct":100},"statements":{"total":31,"covered":31,"skipped":0,"pct":100},"branches":{"total":8,"covered":7,"skipped":0,"pct":87.5}}
,"/home/runner/work/synapse-admin/synapse-admin/src/synapse/authProvider.ts": {"lines":{"total":29,"covered":28,"skipped":0,"pct":96.55},"functions":{"total":9,"covered":9,"skipped":0,"pct":100},"statements":{"total":32,"covered":30,"skipped":0,"pct":93.75},"branches":{"total":20,"covered":17,"skipped":0,"pct":85}}
,"/home/runner/work/synapse-admin/synapse-admin/src/synapse/dataProvider.ts": {"lines":{"total":188,"covered":171,"skipped":0,"pct":90.95},"functions":{"total":97,"covered":81,"skipped":0,"pct":83.5},"statements":{"total":197,"covered":180,"skipped":0,"pct":91.37},"branches":{"total":52,"covered":48,"skipped":0,"pct":92.3}}
,"/home/runner/work/synapse-admin/synapse-admin/src/synapse/synapse.ts": {"lines":{"total":65,"covered":63,"skipped":0,"pct":96.92},"functions":{"total":24,"covered":24,"skipped":0,"pct":100},"statements":{"total":71,"covered":69,"skipped":0,"pct":97.18},"branches":{"total":26,"covered":22,"skipped":0,"pct":84.61}}
}
