{"total": {"lines":{"total":875,"covered":468,"skipped":0,"pct":53.48},"statements":{"total":936,"covered":489,"skipped":0,"pct":52.24},"functions":{"total":288,"covered":139,"skipped":0,"pct":48.26},"branches":{"total":389,"covered":131,"skipped":0,"pct":33.67},"branchesTrue":{"total":0,"covered":0,"skipped":0,"pct":100}}
,"/home/runner/work/synapse-admin/synapse-admin/src/App.tsx": {"lines":{"total":8,"covered":8,"skipped":0,"pct":100},"functions":{"total":2,"covered":2,"skipped":0,"pct":100},"statements":{"total":8,"covered":8,"skipped":0,"pct":100},"branches":{"total":4,"covered":2,"skipped":0,"pct":50}}
,"/home/runner/work/synapse-admin/synapse-admin/src/AppContext.tsx": {"lines":{"total":2,"covered":2,"skipped":0,"pct":100},"functions":{"total":1,"covered":1,"skipped":0,"pct":100},"statements":{"total":2,"covered":2,"skipped":0,"pct":100},"branches":{"total":0,"covered":0,"skipped":0,"pct":100}}
,"/home/runner/work/synapse-admin/synapse-admin/src/bootstrap.tsx": {"lines":{"total":25,"covered":0,"skipped":0,"pct":0},"functions":{"total":4,"covered":0,"skipped":0,"pct":0},"statements":{"total":25,"covered":0,"skipped":0,"pct":0},"branches":{"total":14,"covered":0,"skipped":0,"pct":0}}
,"/home/runner/work/synapse-admin/synapse-admin/src/index.tsx": {"lines":{"total":4,"covered":0,"skipped":0,"pct":0},"functions":{"total":0,"covered":0,"skipped":0,"pct":100},"statements":{"total":4,"covered":0,"skipped":0,"pct":0},"branches":{"total":2,"covered":0,"skipped":0,"pct":0}}
,"/home/runner/work/synapse-admin/synapse-admin/src/storage.ts": {"lines":{"total":1,"covered":1,"skipped":0,"pct":100},"functions":{"total":0,"covered":0,"skipped":0,"pct":100},"statements":{"total":1,"covered":1,"skipped":0,"pct":100},"branches":{"total":0,"covered":0,"skipped":0,"pct":100}}
,"/home/runner/work/synapse-admin/synapse-admin/src/components/AvatarField.tsx": {"lines":{"total":5,"covered":5,"skipped":0,"pct":100},"functions":{"total":1,"covered":1,"skipped":0,"pct":100},"statements":{"total":5,"covered":5,"skipped":0,"pct":100},"branches":{"total":0,"covered":0,"skipped":0,"pct":100}}
,"/home/runner/work/synapse-admin/synapse-admin/src/components/ImportFeature.tsx": {"lines":{"total":166,"covered":41,"skipped":0,"pct":24.69},"functions":{"total":21,"covered":1,"skipped":0,"pct":4.76},"statements":{"total":182,"covered":42,"skipped":0,"pct":23.07},"branches":{"total":129,"covered":15,"skipped":0,"pct":11.62}}
,"/home/runner/work/synapse-admin/synapse-admin/src/components/ServerNotices.tsx": {"lines":{"total":35,"covered":15,"skipped":0,"pct":42.85},"functions":{"total":14,"covered":2,"skipped":0,"pct":14.28},"statements":{"total":39,"covered":15,"skipped":0,"pct":38.46},"branches":{"total":2,"covered":0,"skipped":0,"pct":0}}
,"/home/runner/work/synapse-admin/synapse-admin/src/components/date.ts": {"lines":{"total":16,"covered":3,"skipped":0,"pct":18.75},"functions":{"total":2,"covered":0,"skipped":0,"pct":0},"statements":{"total":17,"covered":3,"skipped":0,"pct":17.64},"branches":{"total":11,"covered":0,"skipped":0,"pct":0}}
,"/home/runner/work/synapse-admin/synapse-admin/src/components/devices.tsx": {"lines":{"total":4,"covered":1,"skipped":0,"pct":25},"functions":{"total":1,"covered":0,"skipped":0,"pct":0},"statements":{"total":5,"covered":1,"skipped":0,"pct":20},"branches":{"total":4,"covered":0,"skipped":0,"pct":0}}
,"/home/runner/work/synapse-admin/synapse-admin/src/components/media.tsx": {"lines":{"total":75,"covered":8,"skipped":0,"pct":10.66},"functions":{"total":25,"covered":0,"skipped":0,"pct":0},"statements":{"total":83,"covered":8,"skipped":0,"pct":9.63},"branches":{"total":26,"covered":0,"skipped":0,"pct":0}}
,"/home/runner/work/synapse-admin/synapse-admin/src/i18n/baseChineseMessages.ts": {"lines":{"total":1,"covered":1,"skipped":0,"pct":100},"functions":{"total":0,"covered":0,"skipped":0,"pct":100},"statements":{"total":1,"covered":1,"skipped":0,"pct":100},"branches":{"total":0,"covered":0,"skipped":0,"pct":100}}
,"/home/runner/work/synapse-admin/synapse-admin/src/i18n/baseGermanMessages.ts": {"lines":{"total":1,"covered":1,"skipped":0,"pct":100},"functions":{"total":0,"covered":0,"skipped":0,"pct":100},"statements":{"total":1,"covered":1,"skipped":0,"pct":100},"branches":{"total":0,"covered":0,"skipped":0,"pct":100}}
,"/home/runner/work/synapse-admin/synapse-admin/src/i18n/de.ts": {"lines":{"total":1,"covered":1,"skipped":0,"pct":100},"functions":{"total":0,"covered":0,"skipped":0,"pct":100},"statements":{"total":1,"covered":1,"skipped":0,"pct":100},"branches":{"total":0,"covered":0,"skipped":0,"pct":100}}
,"/home/runner/work/synapse-admin/synapse-admin/src/i18n/en.ts": {"lines":{"total":1,"covered":1,"skipped":0,"pct":100},"functions":{"total":0,"covered":0,"skipped":0,"pct":100},"statements":{"total":1,"covered":1,"skipped":0,"pct":100},"branches":{"total":0,"covered":0,"skipped":0,"pct":100}}
,"/home/runner/work/synapse-admin/synapse-admin/src/i18n/fa.ts": {"lines":{"total":1,"covered":1,"skipped":0,"pct":100},"functions":{"total":0,"covered":0,"skipped":0,"pct":100},"statements":{"total":1,"covered":1,"skipped":0,"pct":100},"branches":{"total":0,"covered":0,"skipped":0,"pct":100}}
,"/home/runner/work/synapse-admin/synapse-admin/src/i18n/fr.ts": {"lines":{"total":1,"covered":1,"skipped":0,"pct":100},"functions":{"total":0,"covered":0,"skipped":0,"pct":100},"statements":{"total":1,"covered":1,"skipped":0,"pct":100},"branches":{"total":0,"covered":0,"skipped":0,"pct":100}}
,"/home/runner/work/synapse-admin/synapse-admin/src/i18n/index.d.ts": {"lines":{"total":0,"covered":0,"skipped":0,"pct":0},"functions":{"total":0,"covered":0,"skipped":0,"pct":0},"statements":{"total":0,"covered":0,"skipped":0,"pct":0},"branches":{"total":0,"covered":0,"skipped":0,"pct":0}}
,"/home/runner/work/synapse-admin/synapse-admin/src/i18n/it.ts": {"lines":{"total":1,"covered":1,"skipped":0,"pct":100},"functions":{"total":0,"covered":0,"skipped":0,"pct":100},"statements":{"total":1,"covered":1,"skipped":0,"pct":100},"branches":{"total":0,"covered":0,"skipped":0,"pct":100}}
,"/home/runner/work/synapse-admin/synapse-admin/src/i18n/ru.ts": {"lines":{"total":1,"covered":1,"skipped":0,"pct":100},"functions":{"total":0,"covered":0,"skipped":0,"pct":100},"statements":{"total":1,"covered":1,"skipped":0,"pct":100},"branches":{"total":0,"covered":0,"skipped":0,"pct":100}}
,"/home/runner/work/synapse-admin/synapse-admin/src/i18n/zh.ts": {"lines":{"total":1,"covered":1,"skipped":0,"pct":100},"functions":{"total":0,"covered":0,"skipped":0,"pct":100},"statements":{"total":1,"covered":1,"skipped":0,"pct":100},"branches":{"total":0,"covered":0,"skipped":0,"pct":100}}
,"/home/runner/work/synapse-admin/synapse-admin/src/pages/LoginPage.tsx": {"lines":{"total":75,"covered":49,"skipped":0,"pct":65.33},"functions":{"total":24,"covered":12,"skipped":0,"pct":50},"statements":{"total":80,"covered":51,"skipped":0,"pct":63.75},"branches":{"total":55,"covered":23,"skipped":0,"pct":41.81}}
,"/home/runner/work/synapse-admin/synapse-admin/src/resources/destinations.tsx": {"lines":{"total":37,"covered":9,"skipped":0,"pct":24.32},"functions":{"total":13,"covered":0,"skipped":0,"pct":0},"statements":{"total":40,"covered":9,"skipped":0,"pct":22.5},"branches":{"total":14,"covered":0,"skipped":0,"pct":0}}
,"/home/runner/work/synapse-admin/synapse-admin/src/resources/registration_tokens.tsx": {"lines":{"total":12,"covered":8,"skipped":0,"pct":66.66},"functions":{"total":4,"covered":0,"skipped":0,"pct":0},"statements":{"total":12,"covered":8,"skipped":0,"pct":66.66},"branches":{"total":0,"covered":0,"skipped":0,"pct":100}}
,"/home/runner/work/synapse-admin/synapse-admin/src/resources/reports.tsx": {"lines":{"total":11,"covered":6,"skipped":0,"pct":54.54},"functions":{"total":5,"covered":1,"skipped":0,"pct":20},"statements":{"total":12,"covered":6,"skipped":0,"pct":50},"branches":{"total":2,"covered":0,"skipped":0,"pct":0}}
,"/home/runner/work/synapse-admin/synapse-admin/src/resources/room_directory.tsx": {"lines":{"total":41,"covered":8,"skipped":0,"pct":19.51},"functions":{"total":16,"covered":0,"skipped":0,"pct":0},"statements":{"total":42,"covered":8,"skipped":0,"pct":19.04},"branches":{"total":4,"covered":0,"skipped":0,"pct":0}}
,"/home/runner/work/synapse-admin/synapse-admin/src/resources/rooms.tsx": {"lines":{"total":26,"covered":9,"skipped":0,"pct":34.61},"functions":{"total":10,"covered":0,"skipped":0,"pct":0},"statements":{"total":27,"covered":9,"skipped":0,"pct":33.33},"branches":{"total":12,"covered":0,"skipped":0,"pct":0}}
,"/home/runner/work/synapse-admin/synapse-admin/src/resources/user_media_statistics.tsx": {"lines":{"total":11,"covered":5,"skipped":0,"pct":45.45},"functions":{"total":5,"covered":0,"skipped":0,"pct":0},"statements":{"total":12,"covered":5,"skipped":0,"pct":41.66},"branches":{"total":4,"covered":0,"skipped":0,"pct":0}}
,"/home/runner/work/synapse-admin/synapse-admin/src/resources/users.tsx": {"lines":{"total":30,"covered":19,"skipped":0,"pct":63.33},"functions":{"total":10,"covered":5,"skipped":0,"pct":50},"statements":{"total":31,"covered":20,"skipped":0,"pct":64.51},"branches":{"total":8,"covered":4,"skipped":0,"pct":50}}
,"/home/runner/work/synapse-admin/synapse-admin/src/synapse/authProvider.ts": {"lines":{"total":29,"covered":28,"skipped":0,"pct":96.55},"functions":{"total":9,"covered":9,"skipped":0,"pct":100},"statements":{"total":32,"covered":30,"skipped":0,"pct":93.75},"branches":{"total":20,"covered":17,"skipped":0,"pct":85}}
,"/home/runner/work/synapse-admin/synapse-admin/src/synapse/dataProvider.ts": {"lines":{"total":188,"covered":171,"skipped":0,"pct":90.95},"functions":{"total":97,"covered":81,"skipped":0,"pct":83.5},"statements":{"total":197,"covered":180,"skipped":0,"pct":91.37},"branches":{"total":52,"covered":48,"skipped":0,"pct":92.3}}
,"/home/runner/work/synapse-admin/synapse-admin/src/synapse/synapse.ts": {"lines":{"total":65,"covered":63,"skipped":0,"pct":96.92},"functions":{"total":24,"covered":24,"skipped":0,"pct":100},"statements":{"total":71,"covered":69,"skipped":0,"pct":97.18},"branches":{"total":26,"covered":22,"skipped":0,"pct":84.61}}
}
